TN:
SF:javascript/unit-tests/workshop-1/workshop-1.js
FN:11,getTotalInvestmentYears
FN:28,calculateTotalInvestmentYears
FN:53,getNetBalanceAmount
FN:66,getInterestAmount
FN:76,getTaxAmount
FNF:5
FNH:5
FNDA:3,getTotalInvestmentYears
FNDA:14,calculateTotalInvestmentYears
FNDA:14,getNetBalanceAmount
FNDA:14,getInterestAmount
FNDA:14,getTaxAmount
DA:1,1
DA:2,1
DA:3,1
DA:4,1
DA:5,1
DA:6,1
DA:7,1
DA:8,1
DA:9,1
DA:10,1
DA:11,1
DA:12,3
DA:13,1
DA:14,1
DA:15,2
DA:16,2
DA:17,2
DA:18,1
DA:19,1
DA:20,1
DA:21,1
DA:22,1
DA:23,1
DA:24,1
DA:25,1
DA:26,1
DA:27,1
DA:28,1
DA:29,14
DA:30,14
DA:31,14
DA:32,14
DA:33,14
DA:34,14
DA:35,14
DA:36,14
DA:37,14
DA:38,3
DA:39,3
DA:40,11
DA:41,11
DA:42,11
DA:43,11
DA:44,11
DA:45,1
DA:46,1
DA:47,1
DA:48,1
DA:49,1
DA:50,1
DA:51,1
DA:52,1
DA:53,1
DA:54,14
DA:55,14
DA:56,14
DA:57,14
DA:58,14
DA:59,1
DA:60,1
DA:61,1
DA:62,1
DA:63,1
DA:64,1
DA:65,1
DA:66,1
DA:67,14
DA:68,14
DA:69,1
DA:70,1
DA:71,1
DA:72,1
DA:73,1
DA:74,1
DA:75,1
DA:76,1
DA:77,14
DA:78,14
DA:79,1
DA:80,1
LF:80
LH:80
BRDA:11,0,0,3
BRDA:12,1,0,1
BRDA:14,2,0,2
BRDA:28,3,0,14
BRDA:37,4,0,3
BRDA:39,5,0,11
BRDA:53,6,0,14
BRDA:66,7,0,14
BRDA:76,8,0,14
BRF:9
BRH:9
end_of_record
